0 info it worked if it ends with ok
1 verbose cli [ '/usr/local/bin/node', '/usr/local/bin/npm', 'start' ]
2 info using npm@4.0.5
3 info using node@v7.4.0
4 verbose run-script [ 'prestart', 'start', 'poststart' ]
5 info lifecycle luraztia@1.0.0~prestart: luraztia@1.0.0
6 silly lifecycle luraztia@1.0.0~prestart: no script for prestart, continuing
7 info lifecycle luraztia@1.0.0~start: luraztia@1.0.0
8 verbose lifecycle luraztia@1.0.0~start: unsafe-perm in lifecycle true
9 verbose lifecycle luraztia@1.0.0~start: PATH: /usr/local/lib/node_modules/npm/bin/node-gyp-bin:/home/apprenti/WildProjects/LurAtzia/angular-components/node_modules/.bin:/home/apprenti/.rvm/gems/ruby-2.3.3/bin:/home/apprenti/.rvm/gems/ruby-2.3.3@global/bin:/home/apprenti/.rvm/rubies/ruby-2.3.3/bin:/usr/local/sbin:/usr/local/bin:/usr/sbin:/usr/bin:/sbin:/bin:/usr/games:/usr/local/games:/home/apprenti/.rvm/bin:/home/apprenti/.rvm/bin:/home/apprenti/.rvm/bin
10 verbose lifecycle luraztia@1.0.0~start: CWD: /home/apprenti/WildProjects/LurAtzia/angular-components
11 silly lifecycle luraztia@1.0.0~start: Args: [ '-c', 'NODE_PATH=$NODE_PATH:./src node server' ]
12 silly lifecycle luraztia@1.0.0~start: Returned: code: 1  signal: null
13 info lifecycle luraztia@1.0.0~start: Failed to exec start script
14 verbose stack Error: luraztia@1.0.0 start: `NODE_PATH=$NODE_PATH:./src node server`
14 verbose stack Exit status 1
14 verbose stack     at EventEmitter.<anonymous> (/usr/local/lib/node_modules/npm/lib/utils/lifecycle.js:279:16)
14 verbose stack     at emitTwo (events.js:106:13)
14 verbose stack     at EventEmitter.emit (events.js:191:7)
14 verbose stack     at ChildProcess.<anonymous> (/usr/local/lib/node_modules/npm/lib/utils/spawn.js:40:14)
14 verbose stack     at emitTwo (events.js:106:13)
14 verbose stack     at ChildProcess.emit (events.js:191:7)
14 verbose stack     at maybeClose (internal/child_process.js:885:16)
14 verbose stack     at Process.ChildProcess._handle.onexit (internal/child_process.js:226:5)
15 verbose pkgid luraztia@1.0.0
16 verbose cwd /home/apprenti/WildProjects/LurAtzia/angular-components
17 error Linux 3.19.0-79-generic
18 error argv "/usr/local/bin/node" "/usr/local/bin/npm" "start"
19 error node v7.4.0
20 error npm  v4.0.5
21 error code ELIFECYCLE
22 error luraztia@1.0.0 start: `NODE_PATH=$NODE_PATH:./src node server`
22 error Exit status 1
23 error Failed at the luraztia@1.0.0 start script 'NODE_PATH=$NODE_PATH:./src node server'.
23 error Make sure you have the latest version of node.js and npm installed.
23 error If you do, this is most likely a problem with the luraztia package,
23 error not with npm itself.
23 error Tell the author that this fails on your system:
23 error     NODE_PATH=$NODE_PATH:./src node server
23 error You can get information on how to open an issue for this project with:
23 error     npm bugs luraztia
23 error Or if that isn't available, you can get their info via:
23 error     npm owner ls luraztia
23 error There is likely additional logging output above.
24 verbose exit [ 1, true ]
